<?xml version="1.0" encoding="UTF-8"?>
<!-- Generated by org.testng.reporters.JUnitXMLReporter -->
<testsuite ignored="2" hostname="DESKTOP-N3NJ75N" failures="0" tests="1" name="BVT Test" time="4.81" errors="0" timestamp="2024-06-07T00:25:47 IST">
  <testcase classname="testcases.MyFirstTest" name="LoginTest" time="0.044"/>
  <testcase classname="base.BaseTest" name="@BeforeTest setUp" time="0.0">
    <ignored/>
  </testcase> <!-- @BeforeTest setUp -->
  <testcase classname="base.BaseTest" name="@AfterTest tearDown" time="0.0">
    <ignored/>
  </testcase> <!-- @AfterTest tearDown -->
</testsuite> <!-- BVT Test -->
