<?xml version="1.0" encoding="UTF-8"?>
<testng-results ignored="0" total="1" passed="1" failed="0" skipped="0">
  <reporter-output>
  </reporter-output>
  <suite started-at="2024-06-07T00:25:42 IST" name="BVT Test Suite" finished-at="2024-06-07T00:25:47 IST" duration-ms="4810">
    <groups>
    </groups>
    <test started-at="2024-06-07T00:25:42 IST" name="BVT Test" finished-at="2024-06-07T00:25:47 IST" duration-ms="4810">
      <class name="testcases.MyFirstTest">
        <test-method is-config="true" signature="setUp()[pri:0, instance:testcases.MyFirstTest@dd05255]" started-at="2024-06-07T00:25:42 IST" name="setUp" finished-at="2024-06-07T00:25:47 IST" duration-ms="4281" status="PASS">
          <reporter-output>
          </reporter-output>
        </test-method> <!-- setUp -->
        <test-method signature="LoginTest()[pri:0, instance:testcases.MyFirstTest@dd05255]" started-at="2024-06-07T00:25:47 IST" name="LoginTest" finished-at="2024-06-07T00:25:47 IST" duration-ms="44" status="PASS">
          <reporter-output>
          </reporter-output>
        </test-method> <!-- LoginTest -->
        <test-method is-config="true" signature="tearDown()[pri:0, instance:testcases.MyFirstTest@dd05255]" started-at="2024-06-07T00:25:47 IST" name="tearDown" finished-at="2024-06-07T00:25:47 IST" duration-ms="434" status="PASS">
          <reporter-output>
          </reporter-output>
        </test-method> <!-- tearDown -->
      </class> <!-- testcases.MyFirstTest -->
    </test> <!-- BVT Test -->
  </suite> <!-- BVT Test Suite -->
</testng-results>
